<?xml version="1.0" encoding="UTF-8"?>
<!-- Generated by org.testng.reporters.JUnitXMLReporter -->
<testsuite ignored="0" hostname="Y0096-YAMINI-NAGAMANI-WIN10" failures="1" tests="2" name="SubmitOrder" time="23.931" errors="0" timestamp="2024-06-20T12:42:25 IST">
  <testcase classname="yaminiNagamani.ErrorValidationTestComponents" name="ErrorValidations" time="1.309">
    <failure type="java.lang.AssertionError" message="expected [Incorrect email or password.] but found [Incorrect email password.]">
      <![CDATA[java.lang.AssertionError: expected [Incorrect email or password.] but found [Incorrect email password.]
at yaminiNagamani.ErrorValidationTestComponents.ErrorValidations(ErrorValidationTestComponents.java:30)
at java.base/java.util.ArrayList.forEach(ArrayList.java:1596)
... Removed 31 stack frames]]>
    </failure>
  </testcase> <!-- ErrorValidations -->
  <testcase classname="yaminiNagamani.ErrorValidationTestComponents" name="ProductErrorValidations" time="4.409"/>
</testsuite> <!-- SubmitOrder -->
