<?xml version="1.0" encoding="UTF-8"?>
<testng-results ignored="0" total="5" passed="4" failed="1" skipped="0">
  <reporter-output>
  </reporter-output>
  <suite started-at="2024-06-20T12:42:00 IST" name="Suite" finished-at="2024-06-20T12:43:00 IST" duration-ms="60194">
    <groups>
      <group name="ErrorHandling">
        <method signature="ErrorValidations2.submitOrder(java.util.HashMap)[pri:0, instance:yaminiNagamani.ErrorValidations2@6dd7b5a3]" name="submitOrder" class="yaminiNagamani.ErrorValidations2"/>
      </group> <!-- ErrorHandling -->
    </groups>
    <test started-at="2024-06-20T12:42:00 IST" name="SubmitOrder" finished-at="2024-06-20T12:42:24 IST" duration-ms="23931">
      <class name="yaminiNagamani.ErrorValidationTestComponents">
        <test-method is-config="true" signature="launchApplication()[pri:0, instance:yaminiNagamani.ErrorValidationTestComponents@448c8166]" started-at="2024-06-20T12:42:00 IST" name="launchApplication" finished-at="2024-06-20T12:42:11 IST" duration-ms="10943" status="PASS">
          <reporter-output>
          </reporter-output>
        </test-method> <!-- launchApplication -->
        <test-method signature="ErrorValidations()[pri:0, instance:yaminiNagamani.ErrorValidationTestComponents@448c8166]" started-at="2024-06-20T12:42:11 IST" name="ErrorValidations" finished-at="2024-06-20T12:42:13 IST" duration-ms="1309" status="FAIL">
          <exception class="java.lang.AssertionError">
            <message>
              <![CDATA[expected [Incorrect email or password.] but found [Incorrect email password.]]]>
            </message>
            <full-stacktrace>
              <![CDATA[java.lang.AssertionError: expected [Incorrect email or password.] but found [Incorrect email password.]
at org.testng.Assert.fail(Assert.java:111)
at org.testng.Assert.failNotEquals(Assert.java:1578)
at org.testng.Assert.assertEqualsImpl(Assert.java:150)
at org.testng.Assert.assertEquals(Assert.java:132)
at org.testng.Assert.assertEquals(Assert.java:656)
at org.testng.Assert.assertEquals(Assert.java:666)
at yaminiNagamani.ErrorValidationTestComponents.ErrorValidations(ErrorValidationTestComponents.java:30)
at java.base/jdk.internal.reflect.DirectMethodHandleAccessor.invoke(DirectMethodHandleAccessor.java:103)
at java.base/java.lang.reflect.Method.invoke(Method.java:580)
at org.testng.internal.invokers.MethodInvocationHelper.invokeMethod(MethodInvocationHelper.java:141)
at org.testng.internal.invokers.TestInvoker.invokeMethod(TestInvoker.java:686)
at org.testng.internal.invokers.TestInvoker.invokeTestMethod(TestInvoker.java:230)
at org.testng.internal.invokers.MethodRunner.runInSequence(MethodRunner.java:63)
at org.testng.internal.invokers.TestInvoker$MethodInvocationAgent.invoke(TestInvoker.java:992)
at org.testng.internal.invokers.TestInvoker.invokeTestMethods(TestInvoker.java:203)
at org.testng.internal.invokers.TestMethodWorker.invokeTestMethods(TestMethodWorker.java:154)
at org.testng.internal.invokers.TestMethodWorker.run(TestMethodWorker.java:134)
at java.base/java.util.ArrayList.forEach(ArrayList.java:1596)
at org.testng.TestRunner.privateRun(TestRunner.java:739)
at org.testng.TestRunner.run(TestRunner.java:614)
at org.testng.SuiteRunner.runTest(SuiteRunner.java:421)
at org.testng.SuiteRunner.runSequentially(SuiteRunner.java:413)
at org.testng.SuiteRunner.privateRun(SuiteRunner.java:373)
at org.testng.SuiteRunner.run(SuiteRunner.java:312)
at org.testng.SuiteRunnerWorker.runSuite(SuiteRunnerWorker.java:52)
at org.testng.SuiteRunnerWorker.run(SuiteRunnerWorker.java:95)
at org.testng.TestNG.runSuitesSequentially(TestNG.java:1274)
at org.testng.TestNG.runSuitesLocally(TestNG.java:1208)
at org.testng.TestNG.runSuites(TestNG.java:1112)
at org.testng.TestNG.run(TestNG.java:1079)
at org.testng.remote.AbstractRemoteTestNG.run(AbstractRemoteTestNG.java:115)
at org.testng.remote.RemoteTestNG.initAndRun(RemoteTestNG.java:293)
at org.testng.remote.RemoteTestNG.main(RemoteTestNG.java:91)
]]>
            </full-stacktrace>
          </exception> <!-- java.lang.AssertionError -->
          <reporter-output>
          </reporter-output>
        </test-method> <!-- ErrorValidations -->
        <test-method is-config="true" signature="launchApplication()[pri:0, instance:yaminiNagamani.ErrorValidationTestComponents@448c8166]" started-at="2024-06-20T12:42:13 IST" name="launchApplication" finished-at="2024-06-20T12:42:20 IST" duration-ms="6431" status="PASS">
          <reporter-output>
          </reporter-output>
        </test-method> <!-- launchApplication -->
        <test-method signature="ProductErrorValidations()[pri:0, instance:yaminiNagamani.ErrorValidationTestComponents@448c8166]" started-at="2024-06-20T12:42:20 IST" name="ProductErrorValidations" finished-at="2024-06-20T12:42:24 IST" duration-ms="4409" status="PASS">
          <reporter-output>
          </reporter-output>
        </test-method> <!-- ProductErrorValidations -->
      </class> <!-- yaminiNagamani.ErrorValidationTestComponents -->
    </test> <!-- SubmitOrder -->
    <test started-at="2024-06-20T12:42:25 IST" name="ErrorValidationsTest" finished-at="2024-06-20T12:43:00 IST" duration-ms="35194">
      <class name="yaminiNagamani.ErrorValidations2">
        <test-method is-config="true" signature="launchApplication()[pri:0, instance:yaminiNagamani.ErrorValidations2@6dd7b5a3]" started-at="2024-06-20T12:42:27 IST" name="launchApplication" finished-at="2024-06-20T12:42:34 IST" duration-ms="7282" status="PASS">
          <reporter-output>
          </reporter-output>
        </test-method> <!-- launchApplication -->
        <test-method signature="submitOrder(java.util.HashMap)[pri:0, instance:yaminiNagamani.ErrorValidations2@6dd7b5a3]" started-at="2024-06-20T12:42:34 IST" name="submitOrder" data-provider="getData" finished-at="2024-06-20T12:42:38 IST" duration-ms="3880" status="PASS">
          <params>
            <param index="0">
              <value>
                <![CDATA[{password=Test@123, email=yamininagamani@gmail.com, productName=ADIDAS ORIGINAL}]]>
              </value>
            </param>
          </params>
          <reporter-output>
          </reporter-output>
        </test-method> <!-- submitOrder -->
        <test-method is-config="true" signature="launchApplication()[pri:0, instance:yaminiNagamani.ErrorValidations2@6dd7b5a3]" started-at="2024-06-20T12:42:38 IST" name="launchApplication" finished-at="2024-06-20T12:42:47 IST" duration-ms="9378" status="PASS">
          <reporter-output>
          </reporter-output>
        </test-method> <!-- launchApplication -->
        <test-method signature="submitOrder(java.util.HashMap)[pri:0, instance:yaminiNagamani.ErrorValidations2@6dd7b5a3]" started-at="2024-06-20T12:42:47 IST" name="submitOrder" data-provider="getData" finished-at="2024-06-20T12:42:52 IST" duration-ms="4416" status="PASS">
          <params>
            <param index="0">
              <value>
                <![CDATA[{password=Iamking@000, email=shetty@gmail.com, productName=ADIDAS ORIGINAL}]]>
              </value>
            </param>
          </params>
          <reporter-output>
          </reporter-output>
        </test-method> <!-- submitOrder -->
        <test-method is-config="true" signature="launchApplication()[pri:0, instance:yaminiNagamani.ErrorValidations2@6dd7b5a3]" started-at="2024-06-20T12:42:52 IST" name="launchApplication" finished-at="2024-06-20T12:42:59 IST" duration-ms="7216" status="PASS">
          <reporter-output>
          </reporter-output>
        </test-method> <!-- launchApplication -->
        <test-method signature="OrderHistoryTest()[pri:0, instance:yaminiNagamani.ErrorValidations2@6dd7b5a3]" started-at="2024-06-20T12:42:59 IST" name="OrderHistoryTest" finished-at="2024-06-20T12:43:00 IST" depends-on-methods="yaminiNagamani.ErrorValidations2.submitOrder" duration-ms="1616" status="PASS">
          <reporter-output>
          </reporter-output>
        </test-method> <!-- OrderHistoryTest -->
      </class> <!-- yaminiNagamani.ErrorValidations2 -->
    </test> <!-- ErrorValidationsTest -->
  </suite> <!-- Suite -->
</testng-results>
